Starting backup automatically
Thu Aug 28 23:37:02 IST 2025
Backup process completed
------------------------
Starting backup automatically
Fri Aug 29 09:37:05 IST 2025
Backup process completed
------------------------
Starting backup automatically
Fri Aug 29 10:37:05 IST 2025
Backup process completed
------------------------
Starting backup automatically
Fri Aug 29 11:37:06 IST 2025
Backup process completed
------------------------
Starting backup automatically
Fri Aug 29 15:37:04 IST 2025
Backup process completed
------------------------
Starting backup automatically
Fri Aug 29 16:37:05 IST 2025
Backup process completed
------------------------
Starting backup automatically
Fri Aug 29 17:37:06 IST 2025
Backup process completed
------------------------
Starting backup automatically
Sat Aug 30 19:37:05 IST 2025
Backup process completed
------------------------
Starting backup automatically
Sat Aug 30 21:37:04 IST 2025
Backup process completed
------------------------
Starting backup automatically
Sat Aug 30 22:37:07 IST 2025
Backup process completed
------------------------
Starting backup automatically
Fri Oct 17 18:37:02 IST 2025
Backup process completed
------------------------
Starting backup automatically
Fri Oct 17 19:37:04 IST 2025
Backup process completed
------------------------
Starting backup automatically
Fri Oct 17 20:37:03 IST 2025
Backup process completed
------------------------
Starting backup automatically
Fri Oct 17 21:37:03 IST 2025
Backup process completed
------------------------
Starting backup automatically
Fri Oct 17 22:37:04 IST 2025
Backup process completed
------------------------
Starting backup automatically
Tue Oct 21 19:37:05 IST 2025
Backup process completed
------------------------
